[debug] [2025-10-22T01:21:17.199Z] ----------------------------------------------------------------------
[debug] [2025-10-22T01:21:17.203Z] Command:       /usr/bin/node-22 /usr/bin/firebase init hosting
[debug] [2025-10-22T01:21:17.204Z] CLI Version:   14.20.0
[debug] [2025-10-22T01:21:17.204Z] Platform:      linux
[debug] [2025-10-22T01:21:17.204Z] Node Version:  v22.16.0
[debug] [2025-10-22T01:21:17.205Z] Time:          Tue Oct 21 2025 22:21:17 GMT-0300 (Horário Padrão de Brasília)
[debug] [2025-10-22T01:21:17.205Z] ----------------------------------------------------------------------
[debug] 
[info] 
     ######## #### ########  ######## ########     ###     ######  ########
     ##        ##  ##     ## ##       ##     ##  ##   ##  ##       ##
     ######    ##  ########  ######   ########  #########  ######  ######
     ##        ##  ##    ##  ##       ##     ## ##     ##       ## ##
     ##       #### ##     ## ######## ########  ##     ##  ######  ########

You're about to initialize a Firebase project in this directory:

  /home/leo/Documentos/oncenote

Before we get started, keep in mind:

  * You are initializing within an existing Firebase project directory

[info] 
=== Project Setup
[info] 
[info] First, let's associate this project directory with a Firebase project.
[info] You can create multiple project aliases by running firebase use --add, 
[info] 
[debug] [2025-10-22T01:21:17.571Z] > command requires scopes: ["email","openid","https://www.googleapis.com/auth/cloudplatformprojects.readonly","https://www.googleapis.com/auth/firebase","https://www.googleapis.com/auth/cloud-platform"]
[debug] [2025-10-22T01:21:17.572Z] > authorizing via signed-in user (leoor90@gmail.com)
[debug] [2025-10-22T01:21:17.573Z] Checked if tokens are valid: true, expires at: 1761098973561
[debug] [2025-10-22T01:21:17.574Z] Checked if tokens are valid: true, expires at: 1761098973561
[debug] [2025-10-22T01:21:17.576Z] >>> [apiv2][query] GET https://firebase.googleapis.com/v1beta1/projects/oncenote-front [none]
[debug] [2025-10-22T01:21:18.050Z] <<< [apiv2][status] GET https://firebase.googleapis.com/v1beta1/projects/oncenote-front 200
[debug] [2025-10-22T01:21:18.050Z] <<< [apiv2][body] GET https://firebase.googleapis.com/v1beta1/projects/oncenote-front {"projectId":"oncenote-front","projectNumber":"226222732957","displayName":"oncenote-front","name":"projects/oncenote-front","resources":{"hostingSite":"oncenote-front"},"state":"ACTIVE","etag":"1_ef1ddb28-f588-494b-a5dc-9132a2587d8e"}
[info] i  Using project oncenote-front (oncenote-front) . 
[info] 
=== Hosting Setup
[debug] [2025-10-22T01:21:18.269Z] Checked if tokens are valid: true, expires at: 1761098973561
[debug] [2025-10-22T01:21:18.270Z] Checked if tokens are valid: true, expires at: 1761098973561
[debug] [2025-10-22T01:21:18.270Z] >>> [apiv2][query] GET https://firebase.googleapis.com/v1beta1/projects/oncenote-front [none]
[debug] [2025-10-22T01:21:18.605Z] <<< [apiv2][status] GET https://firebase.googleapis.com/v1beta1/projects/oncenote-front 200
[debug] [2025-10-22T01:21:18.605Z] <<< [apiv2][body] GET https://firebase.googleapis.com/v1beta1/projects/oncenote-front {"projectId":"oncenote-front","projectNumber":"226222732957","displayName":"oncenote-front","name":"projects/oncenote-front","resources":{"hostingSite":"oncenote-front"},"state":"ACTIVE","etag":"1_ef1ddb28-f588-494b-a5dc-9132a2587d8e"}
[info] 
[info] Your public directory is the folder (relative to your project directory) that
[info] will contain Hosting assets to be uploaded with firebase deploy. If you
[info] have a build process for your assets, use your build's output directory.
[info] 
[info] ✔  Wrote public/404.html 
[debug] [2025-10-22T01:22:09.882Z] >>> [apiv2][query] GET https://www.gstatic.com/firebasejs/releases.json [none]
[debug] [2025-10-22T01:22:10.011Z] <<< [apiv2][status] GET https://www.gstatic.com/firebasejs/releases.json 200
[debug] [2025-10-22T01:22:10.011Z] <<< [apiv2][body] GET https://www.gstatic.com/firebasejs/releases.json {"current":{"version":"12.4.0","browserURL":"https://www.gstatic.com/firebasejs/12.4.0/firebase.js","packageURL":"https://www.gstatic.com/firebasejs/12.4.0/firebase.tgz"},"live":{"version":"12.4","browserURL":"https://www.gstatic.com/firebasejs/live/12.4/firebase.js","packageURL":"https://www.gstatic.com/firebasejs/live/12.4/firebase.tgz"},"components":{"ai":"https://www.gstatic.com/firebasejs/12.4.0/firebase-ai.js","analytics":"https://www.gstatic.com/firebasejs/12.4.0/firebase-analytics.js","app":"https://www.gstatic.com/firebasejs/12.4.0/firebase-app.js","app-check":"https://www.gstatic.com/firebasejs/12.4.0/firebase-app-check.js","auth":"https://www.gstatic.com/firebasejs/12.4.0/firebase-auth.js","auth/cordova":"https://www.gstatic.com/firebasejs/12.4.0/firebase-auth/cordova.js","auth/web-extension":"https://www.gstatic.com/firebasejs/12.4.0/firebase-auth/web-extension.js","functions":"https://www.gstatic.com/firebasejs/12.4.0/firebase-functions.js","firestore":"https://www.gstatic.com/firebasejs/12.4.0/firebase-firestore.js","firestore/lite":"https://www.gstatic.com/firebasejs/12.4.0/firebase-firestore/lite.js","installations":"https://www.gstatic.com/firebasejs/12.4.0/firebase-installations.js","storage":"https://www.gstatic.com/firebasejs/12.4.0/firebase-storage.js","performance":"https://www.gstatic.com/firebasejs/12.4.0/firebase-performance.js","remote-config":"https://www.gstatic.com/firebasejs/12.4.0/firebase-remote-config.js","messaging":"https://www.gstatic.com/firebasejs/12.4.0/firebase-messaging.js","messaging/sw":"https://www.gstatic.com/firebasejs/12.4.0/firebase-messaging/sw.js","database":"https://www.gstatic.com/firebasejs/12.4.0/firebase-database.js","data-connect":"https://www.gstatic.com/firebasejs/12.4.0/firebase-data-connect.js","firestore.memory":"https://www.gstatic.com/firebasejs/12.4.0/firebase-firestore.memory.js"}}
[info] ✔  Wrote public/index.html 
[info] 
[info] i  Didn't detect a .git folder. Assuming /home/leo/Documentos/oncenote/frontend is the project root. 
[info] i  Authorizing with GitHub to upload your service account to a GitHub repository's secrets store. 
[info] 
[info] Visit this URL on this device to log in:
[info] https://github.com/login/oauth/authorize?client_id=89cf50f02ac6aaed3484&state=719700143&redirect_uri=http%3A%2F%2Flocalhost%3A9005&scope=read%3Auser%20repo%20public_repo
[info] 
[info] Waiting for authentication...
[debug] [2025-10-22T01:22:10.566Z] >>> [apiv2][query] POST https://github.com/login/oauth/access_token [none]
[debug] [2025-10-22T01:22:10.567Z] >>> [apiv2][body] POST https://github.com/login/oauth/access_token [stream]
[debug] [2025-10-22T01:22:10.841Z] <<< [apiv2][status] POST https://github.com/login/oauth/access_token 200
[debug] [2025-10-22T01:22:10.841Z] <<< [apiv2][body] POST https://github.com/login/oauth/access_token {"access_token":"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","token_type":"bearer","scope":"read:user,repo"}
[debug] [2025-10-22T01:22:10.850Z] >>> [apiv2][query] GET https://api.github.com/user [none]
[debug] [2025-10-22T01:22:11.141Z] <<< [apiv2][status] GET https://api.github.com/user 200
[debug] [2025-10-22T01:22:11.141Z] <<< [apiv2][body] GET https://api.github.com/user {"login":"leonardoor90","id":48846350,"node_id":"MDQ6VXNlcjQ4ODQ2MzUw","avatar_url":"https://avatars.githubusercontent.com/u/48846350?v=4","gravatar_id":"","url":"https://api.github.com/users/leonardoor90","html_url":"https://github.com/leonardoor90","followers_url":"https://api.github.com/users/leonardoor90/followers","following_url":"https://api.github.com/users/leonardoor90/following{/other_user}","gists_url":"https://api.github.com/users/leonardoor90/gists{/gist_id}","starred_url":"https://api.github.com/users/leonardoor90/starred{/owner}{/repo}","subscriptions_url":"https://api.github.com/users/leonardoor90/subscriptions","organizations_url":"https://api.github.com/users/leonardoor90/orgs","repos_url":"https://api.github.com/users/leonardoor90/repos","events_url":"https://api.github.com/users/leonardoor90/events{/privacy}","received_events_url":"https://api.github.com/users/leonardoor90/received_events","type":"User","user_view_type":"private","site_admin":false,"name":"Leonardo Oliveira Ramos","company":null,"blog":"","location":"Americana","email":null,"hireable":null,"bio":"Professional with a strong foundation in business logic, processes, and compliance (ISO 27001, LGPD/GDPR, Business Continuity). Applying this structured mindset","twitter_username":null,"notification_email":null,"public_repos":3,"public_gists":0,"followers":0,"following":0,"created_at":"2019-03-23T00:55:27Z","updated_at":"2025-10-17T12:21:33Z","private_gists":0,"total_private_repos":0,"owned_private_repos":0,"disk_usage":225,"collaborators":0,"two_factor_authentication":false,"plan":{"name":"free","space":976562499,"collaborators":0,"private_repos":10000}}
[info] 
[info] ✔  Success! Logged into GitHub as leonardoor90 
[info] 
[debug] [2025-10-22T01:22:29.499Z] >>> [apiv2][query] GET https://api.github.com/repos//actions/secrets/public-key type=owner
[debug] [2025-10-22T01:22:29.672Z] <<< [apiv2][status] GET https://api.github.com/repos//actions/secrets/public-key 404
[debug] [2025-10-22T01:22:29.672Z] <<< [apiv2][body] GET https://api.github.com/repos//actions/secrets/public-key {"message":"Not Found","documentation_url":"https://docs.github.com/rest","status":"404"}
[info] 
[info] 
[error] ⚠  The provided authorization cannot be used with this repository. If this repository is in an organization, did you remember to grant access? 
[info] 
[info] i  Action required: Visit this URL to ensure access has been granted to the appropriate organization(s) for the Firebase CLI GitHub OAuth App: 
[info] https://github.com/settings/connections/applications/89cf50f02ac6aaed3484
[info] 
[debug] [2025-10-22T01:22:44.416Z] >>> [apiv2][query] GET https://api.github.com/repos/leonardoor90/oncenote/actions/secrets/public-key type=owner
[debug] [2025-10-22T01:22:47.125Z] <<< [apiv2][status] GET https://api.github.com/repos/leonardoor90/oncenote/actions/secrets/public-key 404
[debug] [2025-10-22T01:22:47.125Z] <<< [apiv2][body] GET https://api.github.com/repos/leonardoor90/oncenote/actions/secrets/public-key {"message":"Not Found","documentation_url":"https://docs.github.com/rest/actions/secrets#get-a-repository-public-key","status":"404"}
[info] 
[info] 
[error] ⚠  The provided authorization cannot be used with this repository. If this repository is in an organization, did you remember to grant access? 
[info] 
[info] i  Action required: Visit this URL to ensure access has been granted to the appropriate organization(s) for the Firebase CLI GitHub OAuth App: 
[info] https://github.com/settings/connections/applications/89cf50f02ac6aaed3484
[info] 
